[2025-03-14 10:12:26,255] - INFO - Starting FastAPI server...
[2025-03-14 10:12:30,844] - ERROR - Failed to initialize model: Model initialization failed
[2025-03-14 10:16:09,454] - INFO - Starting FastAPI server...
[2025-03-14 10:16:37,182] - ERROR - Failed to initialize model: Model initialization failed
[2025-03-14 10:21:17,638] - INFO - Starting FastAPI server...
[2025-03-14 10:21:17,639] - ERROR - Failed to initialize model: FinBertInference.__init__() missing 2 required positional arguments: 'model_path' and 'tokenizer_path'
[2025-03-14 10:21:44,257] - INFO - Starting FastAPI server...
[2025-03-14 10:21:46,914] - ERROR - Failed to initialize model: Model initialization failed
[2025-03-14 10:22:39,398] - INFO - Starting FastAPI server...
[2025-03-14 10:22:39,399] - ERROR - Failed to initialize model: Model initialization failed
[2025-03-14 10:23:55,351] - INFO - Starting FastAPI server...
[2025-03-14 10:23:55,351] - ERROR - Failed to initialize model: Model initialization failed
[2025-03-14 10:24:54,472] - INFO - Starting FastAPI server...
[2025-03-14 10:24:56,533] - ERROR - Failed to initialize model: Model initialization failed
[2025-03-14 10:34:19,492] - INFO - Starting FastAPI server...
[2025-03-14 10:35:07,792] - INFO - Recived prediction request: I love this service so much!...
[2025-03-14 10:35:07,797] - ERROR - Prediction failed: Model prediction failed
[2025-03-14 10:38:42,365] - INFO - Starting FastAPI server...
[2025-03-14 10:38:48,628] - INFO - Recived prediction request: I love this service so much!...
[2025-03-14 10:38:48,628] - ERROR - Prediction failed: Model prediction failed
[2025-03-14 10:40:57,954] - INFO - Starting FastAPI server...
[2025-03-14 10:40:59,941] - INFO - Recived prediction request: I love this service so much!...
[2025-03-14 10:41:05,832] - ERROR - Prediction failed: Compound calculation failed
[2025-03-14 10:42:33,015] - INFO - Starting FastAPI server...
[2025-03-14 10:42:35,927] - INFO - Recived prediction request: I love this service so much!...
[2025-03-14 10:42:37,826] - ERROR - Prediction failed: 'FinBertInference' object has no attribute 'ranking_method'
[2025-03-14 10:43:01,933] - INFO - Starting FastAPI server...
[2025-03-14 10:43:04,087] - INFO - Recived prediction request: I love this service so much!...
[2025-03-14 10:43:05,637] - INFO - Calculations compleated
[2025-03-14 10:43:05,637] - INFO - Saving Sentiment and sceor...
[2025-03-14 10:43:05,687] - INFO - Saving compleated
[2025-03-14 10:47:07,028] - INFO - Starting FastAPI server...
[2025-03-14 10:47:12,806] - INFO - Recived prediction request: I love this service so much!...
[2025-03-14 10:47:15,868] - INFO - Calculations compleated
[2025-03-14 10:47:15,868] - INFO - Saving Sentiment and sceor...
[2025-03-14 10:47:15,884] - INFO - Saving compleated
[2025-03-14 10:48:44,658] - INFO - Starting FastAPI server...
[2025-03-14 10:48:46,661] - INFO - Recived prediction request: I love this service so much!...
[2025-03-14 10:48:48,635] - INFO - Calculations compleated
[2025-03-14 10:48:48,635] - INFO - Saving Sentiment and sceor...
[2025-03-14 10:48:48,647] - INFO - Saving compleated
[2025-03-14 10:49:11,569] - INFO - Starting FastAPI server...
[2025-03-14 10:49:13,377] - INFO - Recived prediction request: I love this service so much!...
[2025-03-14 10:49:14,825] - INFO - Calculations compleated
[2025-03-14 10:49:14,825] - INFO - Saving Sentiment and sceor...
[2025-03-14 10:49:14,832] - INFO - Saving compleated
[2025-03-14 10:51:36,252] - INFO - Starting FastAPI server...
[2025-03-14 10:51:48,259] - INFO - Recived prediction request: I love this service so much!...
[2025-03-14 10:51:50,289] - INFO - Calculations compleated
[2025-03-14 10:51:50,289] - INFO - Saving Sentiment and score...
[2025-03-14 10:51:50,289] - INFO - Saving compleated
[2025-03-14 10:59:33,708] - INFO - Starting FastAPI server...
[2025-03-14 11:00:54,771] - INFO - Starting FastAPI server...
[2025-03-14 11:00:57,161] - INFO - Health check endpoint accessed.
[2025-03-14 11:00:57,174] - INFO - Root endpoint accessed.
[2025-03-14 11:07:26,132] - INFO - Starting FastAPI server...
[2025-03-14 11:07:29,424] - INFO - Starting FastAPI server...
[2025-03-14 11:07:32,425] - INFO - Health check endpoint accessed.
[2025-03-14 11:07:32,434] - INFO - Root endpoint accessed.
[2025-03-14 11:07:32,445] - INFO - Recived prediction request: This is a fantastic product!...
[2025-03-14 11:07:34,575] - INFO - Calculations compleated
[2025-03-14 11:07:34,575] - INFO - Saving Sentiment and score...
[2025-03-14 11:07:34,575] - INFO - Saving compleated
[2025-03-14 11:14:52,368] - INFO - Starting FastAPI server...
[2025-03-14 11:15:13,148] - INFO - Starting FastAPI server...
[2025-03-14 11:15:20,361] - INFO - Starting FastAPI server...
[2025-03-14 11:15:23,491] - INFO - Health check endpoint accessed.
[2025-03-14 11:15:23,530] - INFO - Root endpoint accessed.
[2025-03-14 11:15:23,548] - INFO - Recived prediction request: This is a fantastic product!...
[2025-03-14 11:15:26,382] - INFO - Calculations compleated
[2025-03-14 11:15:26,382] - INFO - Saving Sentiment and score...
[2025-03-14 11:15:26,395] - INFO - Saving compleated
[2025-03-14 11:35:40,037] - INFO - Received prediction request: I love this service so much!...
[2025-03-14 11:35:43,476] - INFO - Calculations completed
[2025-03-14 11:35:43,476] - INFO - Saving Sentiment and score...
[2025-03-14 11:35:43,491] - INFO - Saving completed
[2025-03-14 11:36:08,769] - INFO - Health check endpoint accessed.
[2025-03-14 11:36:09,418] - INFO - Root endpoint accessed.
[2025-03-14 11:36:09,688] - INFO - Received prediction request: This is a fantastic product!...
[2025-03-14 11:36:12,864] - INFO - Calculations completed
[2025-03-14 11:36:12,864] - INFO - Saving Sentiment and score...
[2025-03-14 11:36:12,873] - INFO - Saving completed
