[2025-03-14 10:35:07,792] - INFO - Cleaning text: I love this service so much!...
[2025-03-14 10:35:07,796] - INFO - Cleaned text: i love this service so much...
[2025-03-14 10:38:48,628] - INFO - Cleaning text: I love this service so much!...
[2025-03-14 10:38:48,628] - INFO - Cleaned text: i love this service so much...
[2025-03-14 10:40:59,941] - INFO - Cleaning text: I love this service so much!...
[2025-03-14 10:40:59,941] - INFO - Cleaned text: i love this service so much...
[2025-03-14 10:42:35,927] - INFO - Cleaning text: I love this service so much!...
[2025-03-14 10:42:35,927] - INFO - Cleaned text: i love this service so much...
[2025-03-14 10:43:04,087] - INFO - Cleaning text: I love this service so much!...
[2025-03-14 10:43:04,087] - INFO - Cleaned text: i love this service so much...
[2025-03-14 10:43:05,687] - INFO - Appended data to CSV: {'news': 'i love this service so much', 'score': 0.7106306613741116}
[2025-03-14 10:47:12,806] - INFO - Cleaning text: I love this service so much!...
[2025-03-14 10:47:12,806] - INFO - Cleaned text: i love this service so much...
[2025-03-14 10:47:15,884] - INFO - Appended data to CSV: {'news': 'i love this service so much', 'score': 0.7106306613741116}
[2025-03-14 10:48:46,666] - INFO - Cleaning text: I love this service so much!...
[2025-03-14 10:48:46,666] - INFO - Cleaned text: i love this service so much...
[2025-03-14 10:48:48,647] - INFO - Appended data to CSV: {'news': 'i love this service so much', 'score': 0.7106306613741116}
[2025-03-14 10:49:13,377] - INFO - Cleaning text: I love this service so much!...
[2025-03-14 10:49:13,377] - INFO - Cleaned text: i love this service so much...
[2025-03-14 10:49:14,832] - INFO - Appended data to CSV: {'news': 'i love this service so much', 'score': 0.7106306613741116}
[2025-03-14 10:51:48,259] - INFO - Cleaning text: I love this service so much!...
[2025-03-14 10:51:48,260] - INFO - Cleaned text: i love this service so much...
[2025-03-14 10:51:50,289] - INFO - Appended data to CSV: {'news': 'i love this service so much', 'score': 0.7106306613741116}
[2025-03-14 10:52:01,218] - ERROR - Failed to read or sort CSV: 'score'
[2025-03-14 10:52:03,005] - ERROR - Failed to read or sort CSV: 'score'
[2025-03-14 10:54:29,264] - INFO - Read and sorted CSV data. Total rows: 5
[2025-03-14 11:00:57,925] - INFO - Cleaning text: Ilove this product! Its amaizing...
[2025-03-14 11:00:57,926] - INFO - Cleaned text: ilove this product its amaizing...
[2025-03-14 11:07:32,445] - INFO - Cleaning text: This is a fantastic product!...
[2025-03-14 11:07:32,445] - INFO - Cleaned text: this is a fantastic product...
[2025-03-14 11:07:34,575] - INFO - Appended data to CSV: {'news': 'this is a fantastic product', 'score': 1.4649782114476637}
[2025-03-14 11:07:35,041] - INFO - Cleaning text: Ilove this product! Its amaizing...
[2025-03-14 11:07:35,041] - INFO - Cleaned text: ilove this product its amaizing...
[2025-03-14 11:15:23,548] - INFO - Cleaning text: This is a fantastic product!...
[2025-03-14 11:15:23,553] - INFO - Cleaned text: this is a fantastic product...
[2025-03-14 11:15:26,394] - INFO - Appended data to CSV: {'news': 'this is a fantastic product', 'score': 1.4649782114476637}
[2025-03-14 11:15:27,131] - INFO - Cleaning text: Ilove this product! Its amaizing...
[2025-03-14 11:15:27,131] - INFO - Cleaned text: ilove this product its amaizing...
[2025-03-14 11:35:40,037] - INFO - Cleaning text: I love this service so much!...
[2025-03-14 11:35:40,037] - INFO - Cleaned text: i love this service so much...
[2025-03-14 11:35:43,491] - INFO - Appended data to CSV: {'news': 'i love this service so much', 'score': 0.7106306613741116}
[2025-03-14 11:36:09,688] - INFO - Cleaning text: This is a fantastic product!...
[2025-03-14 11:36:09,688] - INFO - Cleaned text: this is a fantastic product...
[2025-03-14 11:36:12,869] - INFO - Appended data to CSV: {'news': 'this is a fantastic product', 'score': 1.4649782114476637}
[2025-03-14 11:36:13,566] - INFO - Cleaning text: I love this product! Its amazing...
[2025-03-14 11:36:13,566] - INFO - Cleaned text: i love this product its amazing...
